info it worked if it ends with ok
info using fhc@0.7.24-BUILD-NUMBER
info using node@v0.8.19
silly config file /Users/danielcarroll/.fhcrc
silly config file /usr/local/etc/fhcrc
verbose feedhenry url https://hpcs.feedhenry.com
silly get container Getting app container from url: https://hpcs.feedhenry.com/, domain: hpcs
verbose feedhenry url https://hpcs.feedhenry.com/
silly POST box/srv/1.1/ide/hpcs/app/read
silly url, unparsed https://hpcs.feedhenry.com/
verbose resolveUrl - IN box/srv/1.1/ide/hpcs/app/read
verbose resolveUrl - OUT https://hpcs.feedhenry.com/box/srv/1.1/ide/hpcs/app/read
verbose calling url https://hpcs.feedhenry.com/box/srv/1.1/ide/hpcs/app/read payload: { payload: { guid: 'jtN1MPdzpqhz_V1hwyCByyZ6' } }
silly port 443
silly cookie feedhenry=qnnmmf6nt_Vy_tFH01Zc3rQD;
silly nocache false
silly explain level 0
verbose getHeaders { accept: 'application/json',
verbose getHeaders   cookie: 'feedhenry=qnnmmf6nt_Vy_tFH01Zc3rQD;',
verbose getHeaders   'User-Agent': 'FHC/0.7.24-BUILD-NUMBER darwin/11.4.2',
verbose getHeaders   'content-type': 'application/json',
verbose getHeaders   'content-length': 47 }
verbose what... { payload: { guid: 'jtN1MPdzpqhz_V1hwyCByyZ6' } }
silly writing json { payload: { guid: 'jtN1MPdzpqhz_V1hwyCByyZ6' } }
silly headers { accept: 'application/json',
silly headers   cookie: 'feedhenry=qnnmmf6nt_Vy_tFH01Zc3rQD;',
silly headers   'User-Agent': 'FHC/0.7.24-BUILD-NUMBER darwin/11.4.2',
silly headers   'content-type': 'application/json',
silly headers   'content-length': 47 }
silly getProxy null
silly response headers { date: 'Wed, 27 Feb 2013 09:35:13 GMT',
silly response headers   p3p: 'CP="ALL ADM DEV PSAi COM OUR OTRo STP IND ONL" policyref="/box/p3p.xml"',
silly response headers   etag: '"L35_7GVF6V6woGQJpDy6VF"',
silly response headers   'content-type': 'application/json;charset=UTF-8',
silly response headers   'content-length': '1088',
silly response headers   vary: 'Accept-Encoding',
silly response headers   'keep-alive': 'timeout=15, max=100',
silly response headers   connection: 'Keep-Alive' }
WARN application.js No existing application.js file, creating
ERR! Error: ENOENT, open './cloud/application.js'
ERR! 
ERR! System Darwin 11.4.2
ERR! command "node" "/usr/local/bin/fhc" "local" "jtN1MPdzpqhz_V1hwyCByyZ6"
verbose exit [ 34, true ]
